Detected Linux environment, using path: /G/MIMOlab/Codes/aim3_RNN/stimuli
Checking data paths...
Base path: /G/MIMOlab/Codes/aim3_RNN/stimuli
  ✓ train stim: /G/MIMOlab/Codes/aim3_RNN/stimuli/stimulus_reg-train.npy
  ✓ train label: /G/MIMOlab/Codes/aim3_RNN/stimuli/stimulus_reg-train.tsv
  ✓ val stim: /G/MIMOlab/Codes/aim3_RNN/stimuli/stimulus_reg-validation.npy
  ✓ val label: /G/MIMOlab/Codes/aim3_RNN/stimuli/stimulus_reg-validation.tsv

Loading data...
  ✓ Loaded training stimuli: (345600, 96, 96)
  ✓ Loaded training labels: (345600, 8)
  ✓ Loaded validation stimuli: (57600, 96, 96)
  ✓ Loaded validation labels: (57600, 8)
Creating datasets...
Using coordinate mode (directly predict x, y coordinates)

============================================================
Starting training loop: 2 experiments
Models: ['rnn']
Hidden sizes: [128, 256]
Learning rates: [0.0003]
Weight decays: [0.0003]
Dropout rates: [0.5]
============================================================


============================================================
Experiment 1/2: RNN | hidden_size=128 | lr=0.0003 | weight_decay=0.0003 | dropout=0.5
============================================================

Created RNN model (num_pos=2, dropout_rate=0.5, hidden_size=128)
Starting training...
Acceleration training enabled
Modification settings enabled: weight_decay=0.0003, dropout_rate=0.5, use_early_stopping=False
Enabling acceleration training...
Automatically finding optimal batch_size...
Testing batch_size=32: GPU memory usage 4.4%, usable
Testing batch_size=64: GPU memory usage 8.7%, usable
Testing batch_size=128: GPU memory usage 17.3%, usable
Testing batch_size=256: GPU memory usage 34.4%, usable
Using batch_size = 256
Linux environment: num_workers=4, batch_size=256 (using optimal settings without limitation)
Acceleration settings: batch_size=256, num_workers=4, pin_memory=False, mixed precision training=enabled

Dataset Information:
  Training dataset size: 10799 samples
  Validation dataset size: 1799 samples
  Batch size: 256
  Number of batches per epoch: 43
  predict_all_chars mode: False
  use_sector mode: False

Epoch 1/200: Starting training...
Epoch 1/200 - Train (char, pos): (10.04%, 2597.10 pix^2) | GPU memory: 54.1%  Validation (char, pos): (11.26%, 2589.02 pix^2)
Epoch 2/200: Starting training...
Epoch 2/200 - Train (char, pos): (10.28%, 2453.94 pix^2) | GPU memory: 54.1%  Validation (char, pos): (10.58%, 2465.23 pix^2)
Epoch 3/200: Starting training...
Epoch 3/200 - Train (char, pos): (10.37%, 2330.83 pix^2) | GPU memory: 54.1%  Validation (char, pos): (10.64%, 2351.52 pix^2)
Epoch 4/200: Starting training...
Epoch 4/200 - Train (char, pos): (10.42%, 2219.60 pix^2) | GPU memory: 54.1%  Validation (char, pos): (10.88%, 2242.42 pix^2)
Epoch 5/200: Starting training...
Epoch 5/200 - Train (char, pos): (10.36%, 2116.78 pix^2) | GPU memory: 54.1%  Validation (char, pos): (10.63%, 2137.86 pix^2)
Epoch 6/200: Starting training...
Epoch 6/200 - Train (char, pos): (10.37%, 2012.66 pix^2) | GPU memory: 54.1%  Validation (char, pos): (11.02%, 2032.93 pix^2)
Epoch 7/200: Starting training...

Received termination signal, cleaning up DataLoader workers...

Training interrupted, cleaning up resources...
DataLoader workers cleaned up successfully

Saving results for RNN (hidden_size=128)...
Model has position prediction layer (num_pos=2)
Model state dict saved to: results/hparam_search/rnn_coord_acc_h128_lr0.0003_wd0.0003_do0.5_hparam_search_model.pth
Results saved to: results/hparam_search/rnn_coord_acc_h128_lr0.0003_wd0.0003_do0.5_hparam_search.pkl
Experiment 1/2 completed!


============================================================
Experiment 2/2: RNN | hidden_size=256 | lr=0.0003 | weight_decay=0.0003 | dropout=0.5
============================================================

Created RNN model (num_pos=2, dropout_rate=0.5, hidden_size=256)
Starting training...
Acceleration training enabled
Modification settings enabled: weight_decay=0.0003, dropout_rate=0.5, use_early_stopping=False
Enabling acceleration training...
Automatically finding optimal batch_size...
Testing batch_size=32: GPU memory usage 4.5%, usable
Testing batch_size=64: GPU memory usage 8.7%, usable
Testing batch_size=128: GPU memory usage 17.4%, usable
batch_size=256 caused OOM, using batch_size=128
Using batch_size = 128
Linux environment: num_workers=4, batch_size=128 (using optimal settings without limitation)
Acceleration settings: batch_size=128, num_workers=4, pin_memory=False, mixed precision training=enabled

Dataset Information:
  Training dataset size: 10799 samples
  Validation dataset size: 1799 samples
  Batch size: 128
  Number of batches per epoch: 85
  predict_all_chars mode: False
  use_sector mode: False

Epoch 1/200: Starting training...

Received termination signal, cleaning up DataLoader workers...

Training interrupted, cleaning up resources...
DataLoader workers cleaned up successfully

Saving results for RNN (hidden_size=256)...
Model has position prediction layer (num_pos=2)
Model state dict saved to: results/hparam_search/rnn_coord_acc_h256_lr0.0003_wd0.0003_do0.5_hparam_search_model.pth
Results saved to: results/hparam_search/rnn_coord_acc_h256_lr0.0003_wd0.0003_do0.5_hparam_search.pkl
Experiment 2/2 completed!


============================================================
All 2 experiments completed!
Results saved to: results/hparam_search/
============================================================

[W120 03:48:58.270160732 AllocatorConfig.cpp:28] Warning: PYTORCH_CUDA_ALLOC_CONF is deprecated, use PYTORCH_ALLOC_CONF instead (function operator())
