Detected Linux environment, using path: /G/MIMOlab/Codes/aim3_RNN/stimuli
Checking data paths...
Base path: /G/MIMOlab/Codes/aim3_RNN/stimuli
  ✓ train stim: /G/MIMOlab/Codes/aim3_RNN/stimuli/stimulus_reg-train.npy
  ✓ train label: /G/MIMOlab/Codes/aim3_RNN/stimuli/stimulus_reg-train.tsv
  ✓ val stim: /G/MIMOlab/Codes/aim3_RNN/stimuli/stimulus_reg-validation.npy
  ✓ val label: /G/MIMOlab/Codes/aim3_RNN/stimuli/stimulus_reg-validation.tsv

Loading data...
  ✓ Loaded training stimuli: (345600, 96, 96)
  ✓ Loaded training labels: (345600, 8)
  ✓ Loaded validation stimuli: (57600, 96, 96)
  ✓ Loaded validation labels: (57600, 8)
Creating datasets...
Using coordinate mode (directly predict x, y coordinates)

============================================================
Starting training loop: 2 experiments
Models: ['rnn']
Hidden sizes: [128, 256]
Learning rates: [0.0004]
Weight decays: [0.0003]
Dropout rates: [0.6]
============================================================


============================================================
Experiment 1/2: RNN | hidden_size=128 | lr=0.0004 | weight_decay=0.0003 | dropout=0.6
============================================================

Created RNN model (num_pos=2, dropout_rate=0.6, hidden_size=128)
Starting training...
Acceleration training enabled
Modification settings enabled: weight_decay=0.0003, dropout_rate=0.6, use_early_stopping=False
Enabling acceleration training...
Automatically finding optimal batch_size...
Testing batch_size=32: GPU memory usage 4.4%, usable
Testing batch_size=64: GPU memory usage 8.7%, usable
Testing batch_size=128: GPU memory usage 17.3%, usable
Testing batch_size=256: GPU memory usage 34.4%, usable
Using batch_size = 256
Linux environment: num_workers=4, batch_size=256 (using optimal settings without limitation)
Acceleration settings: batch_size=256, num_workers=4, pin_memory=False, mixed precision training=enabled

Dataset Information:
  Training dataset size: 10799 samples
  Validation dataset size: 1799 samples
  Batch size: 256
  Number of batches per epoch: 43
  predict_all_chars mode: False
  use_sector mode: False

Epoch 1/200: Starting training...
DataLoader workers cleaned up successfully
Traceback (most recent call last):
  File "/G/MIMOlab/Codes/aim3_RNN/train_rnn_updated.py", line 1798, in <module>
    results = network_train(
        mdl,
    ...<9 lines>...
        min_delta=0.001,
    )
  File "/G/MIMOlab/Codes/aim3_RNN/train_rnn_updated.py", line 1185, in network_train
    scaler.scale(loss).backward()
    ~~~~~~~~~~~~~~~~~~~~~~~~~~~^^
  File "/G/anaconda3/envs/aim3_rnn/lib/python3.14/site-packages/torch/_tensor.py", line 625, in backward
    torch.autograd.backward(
    ~~~~~~~~~~~~~~~~~~~~~~~^
        self, gradient, retain_graph, create_graph, inputs=inputs
        ^^^^^^^^^^^^^^^^^^^^^^^^^^^^^^^^^^^^^^^^^^^^^^^^^^^^^^^^^
    )
    ^
  File "/G/anaconda3/envs/aim3_rnn/lib/python3.14/site-packages/torch/autograd/__init__.py", line 354, in backward
    _engine_run_backward(
    ~~~~~~~~~~~~~~~~~~~~^
        tensors,
        ^^^^^^^^
    ...<5 lines>...
        accumulate_grad=True,
        ^^^^^^^^^^^^^^^^^^^^^
    )
    ^
  File "/G/anaconda3/envs/aim3_rnn/lib/python3.14/site-packages/torch/autograd/graph.py", line 841, in _engine_run_backward
    return Variable._execution_engine.run_backward(  # Calls into the C++ engine to run the backward pass
           ~~~~~~~~~~~~~~~~~~~~~~~~~~~~~~~~~~~~~~~^^^^^^^^^^^^^^^^^^^^^^^^^^^^^^^^^^^^^^^^^^^^^^^^^^^^^^^
        t_outputs, *args, **kwargs
        ^^^^^^^^^^^^^^^^^^^^^^^^^^
    )  # Calls into the C++ engine to run the backward pass
    ^
torch.OutOfMemoryError: CUDA out of memory. Tried to allocate 2.25 GiB. GPU 0 has a total capacity of 47.41 GiB of which 2.03 GiB is free. Process 790804 has 25.98 GiB memory in use. Including non-PyTorch memory, this process has 18.34 GiB memory in use. Process 791236 has 410.00 MiB memory in use. Process 791267 has 640.00 MiB memory in use. Of the allocated memory 17.89 GiB is allocated by PyTorch, and 129.35 MiB is reserved by PyTorch but unallocated. If reserved but unallocated memory is large try setting PYTORCH_CUDA_ALLOC_CONF=expandable_segments:True to avoid fragmentation.  See documentation for Memory Management  (https://pytorch.org/docs/stable/notes/cuda.html#environment-variables)
[W120 03:41:34.000873835 AllocatorConfig.cpp:28] Warning: PYTORCH_CUDA_ALLOC_CONF is deprecated, use PYTORCH_ALLOC_CONF instead (function operator())
