Detected Linux environment, using path: /G/MIMOlab/Codes/aim3_RNN/stimuli
Checking data paths...
Base path: /G/MIMOlab/Codes/aim3_RNN/stimuli
  ✓ train stim: /G/MIMOlab/Codes/aim3_RNN/stimuli/stimulus_reg-train.npy
  ✓ train label: /G/MIMOlab/Codes/aim3_RNN/stimuli/stimulus_reg-train.tsv
  ✓ val stim: /G/MIMOlab/Codes/aim3_RNN/stimuli/stimulus_reg-validation.npy
  ✓ val label: /G/MIMOlab/Codes/aim3_RNN/stimuli/stimulus_reg-validation.tsv

Loading data...
  ✓ Loaded training stimuli: (345600, 96, 96)
  ✓ Loaded training labels: (345600, 8)
  ✓ Loaded validation stimuli: (57600, 96, 96)
  ✓ Loaded validation labels: (57600, 8)
Creating datasets...
Using coordinate mode (directly predict x, y coordinates)

============================================================
Starting training loop: 2 experiments
Models: ['rnn']
Hidden sizes: [128, 256]
Learning rates: [0.0004]
Weight decays: [0.001]
Dropout rates: [0.5]
============================================================


============================================================
Experiment 1/2: RNN | hidden_size=128 | lr=0.0004 | weight_decay=0.001 | dropout=0.5
============================================================

Created RNN model (num_pos=2, dropout_rate=0.5, hidden_size=128)
Starting training...
Acceleration training enabled
Modification settings enabled: weight_decay=0.001, dropout_rate=0.5, use_early_stopping=False
Enabling acceleration training...
Automatically finding optimal batch_size...
batch_size=32 caused OOM, using batch_size=32
Using batch_size = 32
Linux environment: num_workers=4, batch_size=32 (using optimal settings without limitation)
Acceleration settings: batch_size=32, num_workers=4, pin_memory=False, mixed precision training=enabled

Dataset Information:
  Training dataset size: 10799 samples
  Validation dataset size: 1799 samples
  Batch size: 32
  Number of batches per epoch: 338
  predict_all_chars mode: False
  use_sector mode: False

Epoch 1/200: Starting training...
Epoch 1/200 - Train (char, pos): (10.13%, 2085.22 pix^2) | GPU memory: 6.9%  Validation (char, pos): (9.59%, 1623.47 pix^2)
Epoch 2/200: Starting training...
Epoch 2/200 - Train (char, pos): (10.11%, 1187.89 pix^2) | GPU memory: 6.9%  Validation (char, pos): (10.09%, 846.92 pix^2)
Epoch 3/200: Starting training...
Epoch 3/200 - Train (char, pos): (10.18%, 641.04 pix^2) | GPU memory: 6.9%  Validation (char, pos): (9.48%, 500.45 pix^2)
Epoch 4/200: Starting training...
Epoch 4/200 - Train (char, pos): (10.32%, 455.82 pix^2) | GPU memory: 6.9%  Validation (char, pos): (8.67%, 394.14 pix^2)
Epoch 5/200: Starting training...
Epoch 5/200 - Train (char, pos): (12.04%, 401.97 pix^2) | GPU memory: 6.9%  Validation (char, pos): (13.84%, 366.63 pix^2)
Epoch 6/200: Starting training...

Received termination signal, cleaning up DataLoader workers...

Training interrupted, cleaning up resources...
DataLoader workers cleaned up successfully

Saving results for RNN (hidden_size=128)...
Model has position prediction layer (num_pos=2)
Model state dict saved to: results/hparam_search/rnn_coord_acc_h128_lr0.0004_wd0.001_do0.5_hparam_search_model.pth
Results saved to: results/hparam_search/rnn_coord_acc_h128_lr0.0004_wd0.001_do0.5_hparam_search.pkl
Experiment 1/2 completed!


============================================================
Experiment 2/2: RNN | hidden_size=256 | lr=0.0004 | weight_decay=0.001 | dropout=0.5
============================================================

Created RNN model (num_pos=2, dropout_rate=0.5, hidden_size=256)
Starting training...
Acceleration training enabled
Modification settings enabled: weight_decay=0.001, dropout_rate=0.5, use_early_stopping=False
Enabling acceleration training...
Automatically finding optimal batch_size...
Testing batch_size=32: GPU memory usage 4.4%, usable
Testing batch_size=64: GPU memory usage 8.7%, usable
Testing batch_size=128: GPU memory usage 17.3%, usable
Testing batch_size=256: GPU memory usage 34.5%, usable
Using batch_size = 256
Linux environment: num_workers=4, batch_size=256 (using optimal settings without limitation)
Acceleration settings: batch_size=256, num_workers=4, pin_memory=False, mixed precision training=enabled

Dataset Information:
  Training dataset size: 10799 samples
  Validation dataset size: 1799 samples
  Batch size: 256
  Number of batches per epoch: 43
  predict_all_chars mode: False
  use_sector mode: False

Epoch 1/200: Starting training...
DataLoader workers cleaned up successfully
Traceback (most recent call last):
  File "/G/MIMOlab/Codes/aim3_RNN/train_rnn_updated.py", line 1798, in <module>
    results = network_train(
        mdl,
    ...<9 lines>...
        min_delta=0.001,
    )
  File "/G/MIMOlab/Codes/aim3_RNN/train_rnn_updated.py", line 1182, in network_train
    out_char, out_pos = mdl(inputs)
                        ~~~^^^^^^^^
  File "/G/anaconda3/envs/aim3_rnn/lib/python3.14/site-packages/torch/nn/modules/module.py", line 1775, in _wrapped_call_impl
    return self._call_impl(*args, **kwargs)
           ~~~~~~~~~~~~~~~^^^^^^^^^^^^^^^^^
  File "/G/anaconda3/envs/aim3_rnn/lib/python3.14/site-packages/torch/nn/modules/module.py", line 1786, in _call_impl
    return forward_call(*args, **kwargs)
  File "/G/MIMOlab/Codes/aim3_RNN/train_rnn_updated.py", line 291, in forward
    x = self.encoder(x)
  File "/G/MIMOlab/Codes/aim3_RNN/train_rnn_updated.py", line 254, in encoder
    x = F.relu(x)
  File "/G/anaconda3/envs/aim3_rnn/lib/python3.14/site-packages/torch/nn/functional.py", line 1697, in relu
    result = torch.relu(input)
torch.OutOfMemoryError: CUDA out of memory. Tried to allocate 2.25 GiB. GPU 0 has a total capacity of 47.41 GiB of which 1.28 GiB is free. Process 790804 has 13.23 GiB memory in use. Including non-PyTorch memory, this process has 14.75 GiB memory in use. Process 791267 has 18.12 GiB memory in use. Of the allocated memory 14.37 GiB is allocated by PyTorch, and 50.52 MiB is reserved by PyTorch but unallocated. If reserved but unallocated memory is large try setting PYTORCH_CUDA_ALLOC_CONF=expandable_segments:True to avoid fragmentation.  See documentation for Memory Management  (https://pytorch.org/docs/stable/notes/cuda.html#environment-variables)
Exception ignored in atexit callback <bound method finalize._exitfunc of <class 'weakref.finalize'>>:
Traceback (most recent call last):
  File "/G/anaconda3/envs/aim3_rnn/lib/python3.14/weakref.py", line 566, in _exitfunc
    f()
  File "/G/anaconda3/envs/aim3_rnn/lib/python3.14/weakref.py", line 490, in __call__
    return info.func(*info.args, **(info.kwargs or {}))
  File "/G/anaconda3/envs/aim3_rnn/lib/python3.14/site-packages/torch/library.py", line 462, in _del_library
    m.reset()
  File "/G/MIMOlab/Codes/aim3_RNN/train_rnn_updated.py", line 1128, in cleanup_dataloaders
    sys.exit(0)
SystemExit: 0

Received termination signal, cleaning up DataLoader workers...
[W120 03:48:58.434027405 AllocatorConfig.cpp:28] Warning: PYTORCH_CUDA_ALLOC_CONF is deprecated, use PYTORCH_ALLOC_CONF instead (function operator())
