Detected Linux environment, using path: /G/MIMOlab/Codes/aim3_RNN/stimuli
Checking data paths...
Base path: /G/MIMOlab/Codes/aim3_RNN/stimuli
  ✓ train stim: /G/MIMOlab/Codes/aim3_RNN/stimuli/stimulus_reg-train.npy
  ✓ train label: /G/MIMOlab/Codes/aim3_RNN/stimuli/stimulus_reg-train.tsv
  ✓ val stim: /G/MIMOlab/Codes/aim3_RNN/stimuli/stimulus_reg-validation.npy
  ✓ val label: /G/MIMOlab/Codes/aim3_RNN/stimuli/stimulus_reg-validation.tsv

Loading data...
  ✓ Loaded training stimuli: (345600, 96, 96)
  ✓ Loaded training labels: (345600, 8)
  ✓ Loaded validation stimuli: (57600, 96, 96)
  ✓ Loaded validation labels: (57600, 8)
Creating datasets...
Using coordinate mode (directly predict x, y coordinates)

============================================================
Starting training loop: 2 experiments
Models: ['rnn']
Hidden sizes: [128, 256]
Learning rates: [0.0004]
Weight decays: [0.001]
Dropout rates: [0.6]
============================================================


============================================================
Experiment 1/2: RNN | hidden_size=128 | lr=0.0004 | weight_decay=0.001 | dropout=0.6
============================================================

Created RNN model (num_pos=2, dropout_rate=0.6, hidden_size=128)
Starting training...
Acceleration training enabled
Modification settings enabled: weight_decay=0.001, dropout_rate=0.6, use_early_stopping=False
Enabling acceleration training...
Automatically finding optimal batch_size...
Testing batch_size=32: GPU memory usage 4.4%, usable
Testing batch_size=64: GPU memory usage 8.7%, usable
batch_size=128 caused OOM, using batch_size=64
Using batch_size = 64
Linux environment: num_workers=4, batch_size=64 (using optimal settings without limitation)
Acceleration settings: batch_size=64, num_workers=4, pin_memory=False, mixed precision training=enabled

Dataset Information:
  Training dataset size: 10799 samples
  Validation dataset size: 1799 samples
  Batch size: 64
  Number of batches per epoch: 169
  predict_all_chars mode: False
  use_sector mode: False

Epoch 1/200: Starting training...
Epoch 1/200 - Train (char, pos): (10.12%, 2368.75 pix^2) | GPU memory: 13.7%  Validation (char, pos): (10.75%, 2113.88 pix^2)
Epoch 2/200: Starting training...
Epoch 2/200 - Train (char, pos): (10.27%, 1835.08 pix^2) | GPU memory: 13.7%  Validation (char, pos): (10.02%, 1624.67 pix^2)
Epoch 3/200: Starting training...
Epoch 3/200 - Train (char, pos): (10.04%, 1368.53 pix^2) | GPU memory: 13.7%  Validation (char, pos): (11.86%, 1174.05 pix^2)
Epoch 4/200: Starting training...
Epoch 4/200 - Train (char, pos): (10.25%, 972.06 pix^2) | GPU memory: 13.7%  Validation (char, pos): (8.37%, 822.98 pix^2)
Epoch 5/200: Starting training...
Epoch 5/200 - Train (char, pos): (10.19%, 699.18 pix^2) | GPU memory: 13.7%  Validation (char, pos): (9.69%, 602.83 pix^2)
Epoch 6/200: Starting training...

Received termination signal, cleaning up DataLoader workers...

Training interrupted, cleaning up resources...
DataLoader workers cleaned up successfully

Saving results for RNN (hidden_size=128)...
Model has position prediction layer (num_pos=2)
Model state dict saved to: results/hparam_search/rnn_coord_acc_h128_lr0.0004_wd0.001_do0.6_hparam_search_model.pth
Results saved to: results/hparam_search/rnn_coord_acc_h128_lr0.0004_wd0.001_do0.6_hparam_search.pkl
Experiment 1/2 completed!


============================================================
Experiment 2/2: RNN | hidden_size=256 | lr=0.0004 | weight_decay=0.001 | dropout=0.6
============================================================

Created RNN model (num_pos=2, dropout_rate=0.6, hidden_size=256)
Starting training...
Acceleration training enabled
Modification settings enabled: weight_decay=0.001, dropout_rate=0.6, use_early_stopping=False
Enabling acceleration training...
Automatically finding optimal batch_size...
Testing batch_size=32: GPU memory usage 4.5%, usable
Testing batch_size=64: GPU memory usage 8.8%, usable
Testing batch_size=128: GPU memory usage 17.4%, usable
Testing batch_size=256: GPU memory usage 34.5%, usable
Using batch_size = 256
Linux environment: num_workers=4, batch_size=256 (using optimal settings without limitation)
Acceleration settings: batch_size=256, num_workers=4, pin_memory=False, mixed precision training=enabled

Dataset Information:
  Training dataset size: 10799 samples
  Validation dataset size: 1799 samples
  Batch size: 256
  Number of batches per epoch: 43
  predict_all_chars mode: False
  use_sector mode: False

Epoch 1/200: Starting training...
DataLoader workers cleaned up successfully
Traceback (most recent call last):
  File "/G/MIMOlab/Codes/aim3_RNN/train_rnn_updated.py", line 1798, in <module>
    results = network_train(
        mdl,
    ...<9 lines>...
        min_delta=0.001,
    )
  File "/G/MIMOlab/Codes/aim3_RNN/train_rnn_updated.py", line 1182, in network_train
    out_char, out_pos = mdl(inputs)
                        ~~~^^^^^^^^
  File "/G/anaconda3/envs/aim3_rnn/lib/python3.14/site-packages/torch/nn/modules/module.py", line 1775, in _wrapped_call_impl
    return self._call_impl(*args, **kwargs)
           ~~~~~~~~~~~~~~~^^^^^^^^^^^^^^^^^
  File "/G/anaconda3/envs/aim3_rnn/lib/python3.14/site-packages/torch/nn/modules/module.py", line 1786, in _call_impl
    return forward_call(*args, **kwargs)
  File "/G/MIMOlab/Codes/aim3_RNN/train_rnn_updated.py", line 291, in forward
    x = self.encoder(x)
  File "/G/MIMOlab/Codes/aim3_RNN/train_rnn_updated.py", line 257, in encoder
    x = self.conv2(x)
  File "/G/anaconda3/envs/aim3_rnn/lib/python3.14/site-packages/torch/nn/modules/module.py", line 1775, in _wrapped_call_impl
    return self._call_impl(*args, **kwargs)
           ~~~~~~~~~~~~~~~^^^^^^^^^^^^^^^^^
  File "/G/anaconda3/envs/aim3_rnn/lib/python3.14/site-packages/torch/nn/modules/module.py", line 1786, in _call_impl
    return forward_call(*args, **kwargs)
  File "/G/anaconda3/envs/aim3_rnn/lib/python3.14/site-packages/torch/nn/modules/conv.py", line 548, in forward
    return self._conv_forward(input, self.weight, self.bias)
           ~~~~~~~~~~~~~~~~~~^^^^^^^^^^^^^^^^^^^^^^^^^^^^^^^
  File "/G/anaconda3/envs/aim3_rnn/lib/python3.14/site-packages/torch/nn/modules/conv.py", line 543, in _conv_forward
    return F.conv2d(
           ~~~~~~~~^
        input, weight, bias, self.stride, self.padding, self.dilation, self.groups
        ^^^^^^^^^^^^^^^^^^^^^^^^^^^^^^^^^^^^^^^^^^^^^^^^^^^^^^^^^^^^^^^^^^^^^^^^^^
    )
    ^
torch.OutOfMemoryError: CUDA out of memory. Tried to allocate 2.25 GiB. GPU 0 has a total capacity of 47.41 GiB of which 169.62 MiB is free. Process 790804 has 13.23 GiB memory in use. Process 791236 has 15.86 GiB memory in use. Including non-PyTorch memory, this process has 18.12 GiB memory in use. Of the allocated memory 17.75 GiB is allocated by PyTorch, and 51.48 MiB is reserved by PyTorch but unallocated. If reserved but unallocated memory is large try setting PYTORCH_CUDA_ALLOC_CONF=expandable_segments:True to avoid fragmentation.  See documentation for Memory Management  (https://pytorch.org/docs/stable/notes/cuda.html#environment-variables)
Exception ignored in atexit callback <function _exit_function at 0x79683237c250>:
Traceback (most recent call last):
  File "/G/anaconda3/envs/aim3_rnn/lib/python3.14/multiprocessing/util.py", line 424, in _exit_function
    p.join()
  File "/G/anaconda3/envs/aim3_rnn/lib/python3.14/multiprocessing/process.py", line 156, in join
    res = self._popen.wait(timeout)
  File "/G/anaconda3/envs/aim3_rnn/lib/python3.14/multiprocessing/popen_fork.py", line 44, in wait
    return self.poll(os.WNOHANG if timeout == 0.0 else 0)
  File "/G/anaconda3/envs/aim3_rnn/lib/python3.14/multiprocessing/popen_forkserver.py", line 65, in poll
    if not wait([self.sentinel], timeout):
  File "/G/anaconda3/envs/aim3_rnn/lib/python3.14/multiprocessing/connection.py", line 1165, in wait
    ready = selector.select(timeout)
  File "/G/anaconda3/envs/aim3_rnn/lib/python3.14/selectors.py", line 398, in select
    fd_event_list = self._selector.poll(timeout)
  File "/G/MIMOlab/Codes/aim3_RNN/train_rnn_updated.py", line 1128, in cleanup_dataloaders
    sys.exit(0)
SystemExit: 0

Received termination signal, cleaning up DataLoader workers...
[W120 03:48:57.334189702 AllocatorConfig.cpp:28] Warning: PYTORCH_CUDA_ALLOC_CONF is deprecated, use PYTORCH_ALLOC_CONF instead (function operator())
